<?xml version="1.0" encoding="UTF-8"?>
<testng-results ignored="0" total="1" passed="1" failed="0" skipped="0">
  <reporter-output>
  </reporter-output>
  <suite started-at="2024-12-30T13:08:00 IST" name="Default suite" finished-at="2024-12-30T13:08:05 IST" duration-ms="4617">
    <groups>
    </groups>
    <test started-at="2024-12-30T13:08:00 IST" name="Default test" finished-at="2024-12-30T13:08:05 IST" duration-ms="4617">
      <class name="Day3.CoockiesDemo">
        <test-method signature="getcookiesInfo()[pri:0, instance:Day3.CoockiesDemo@2b662a77]" started-at="2024-12-30T13:08:00 IST" name="getcookiesInfo" finished-at="2024-12-30T13:08:05 IST" duration-ms="4505" status="PASS">
          <reporter-output>
          </reporter-output>
        </test-method> <!-- getcookiesInfo -->
      </class> <!-- Day3.CoockiesDemo -->
    </test> <!-- Default test -->
  </suite> <!-- Default suite -->
</testng-results>
