<?xml version="1.0" encoding="UTF-8"?>
<testng-results ignored="0" total="1" passed="1" failed="0" skipped="0">
  <reporter-output>
  </reporter-output>
  <suite started-at="2024-12-30T14:15:16 IST" name="Default suite" finished-at="2024-12-30T14:15:21 IST" duration-ms="4625">
    <groups>
    </groups>
    <test started-at="2024-12-30T14:15:16 IST" name="Default test" finished-at="2024-12-30T14:15:21 IST" duration-ms="4625">
      <class name="Day3.AllLogs_Demo">
        <test-method signature="testAllLogs()[pri:0, instance:Day3.AllLogs_Demo@2b662a77]" started-at="2024-12-30T14:15:17 IST" name="testAllLogs" finished-at="2024-12-30T14:15:21 IST" duration-ms="4485" status="PASS">
          <reporter-output>
          </reporter-output>
        </test-method> <!-- testAllLogs -->
      </class> <!-- Day3.AllLogs_Demo -->
    </test> <!-- Default test -->
  </suite> <!-- Default suite -->
</testng-results>
